<?xml version="1.0" encoding="UTF-8"?>
<!-- Generated by org.testng.reporters.JUnitXMLReporter -->
<testsuite ignored="0" hostname="DESKTOP-TL25OI3" failures="0" tests="4" name="Default test" time="32.672" errors="0" timestamp="2025-05-28T00:48:58 IST">
  <testcase classname="tests.LoginTests" name="validateValidLogin" time="1.212"/>
  <testcase classname="tests.LoginTests" name="validateLoginButtonStatus" time="3.188"/>
  <testcase classname="tests.LoginTests" name="validateLoginUI" time="0.071"/>
  <testcase classname="tests.LoginTests" name="validateLoginUIErrorMessages" time="0.424"/>
</testsuite> <!-- Default test -->
