<?xml version="1.0" encoding="UTF-8"?>
<!-- Generated by org.testng.reporters.JUnitXMLReporter -->
<testsuite ignored="0" hostname="DESKTOP-TL25OI3" failures="2" tests="4" name="Test" time="26.431" errors="0" timestamp="2025-05-28T13:59:37 IST">
  <testcase classname="tests.LoginTests" name="validateValidLogin" time="2.569">
    <failure type="java.lang.AssertionError" message="Username textbox is displayed expected [true] but found [false]">
      <![CDATA[java.lang.AssertionError: Username textbox is displayed expected [true] but found [false]
at tests.LoginTests.validateValidLogin(LoginTests.java:19)
at java.base/java.util.ArrayList.forEach(ArrayList.java:1596)
... Removed 28 stack frames]]>
    </failure>
  </testcase> <!-- validateValidLogin -->
  <testcase classname="tests.LoginTests" name="validateLoginButtonStatus" time="0.054"/>
  <testcase classname="tests.LoginTests" name="validateLoginUI" time="3.262"/>
  <testcase classname="tests.LoginTests" name="validateLoginUIErrorMessages" time="2.989">
    <failure type="java.lang.AssertionError" message="Username error message is incorrect expected [Email address or username required] but found []">
      <![CDATA[java.lang.AssertionError: Username error message is incorrect expected [Email address or username required] but found []
at tests.LoginTests.validateLoginUIErrorMessages(LoginTests.java:75)
at java.base/java.util.ArrayList.forEach(ArrayList.java:1596)
... Removed 30 stack frames]]>
    </failure>
  </testcase> <!-- validateLoginUIErrorMessages -->
</testsuite> <!-- Test -->
