<?xml version="1.0" encoding="UTF-8"?>
<!-- Generated by org.testng.reporters.JUnitXMLReporter -->
<testsuite ignored="2" hostname="DESKTOP-TL25OI3" failures="1" tests="8" name="Test" time="207.558" errors="0" timestamp="2025-06-10T19:24:50 IST">
  <testcase classname="tests.LoginTests" name="validateLoginUI" time="0.118">
    <failure type="java.lang.AssertionError" message="Incorrect label for username field expected [E-Mail Address] but found []">
      <![CDATA[java.lang.AssertionError: Incorrect label for username field expected [E-Mail Address] but found []
at tests.LoginTests.validateLoginUI(LoginTests.java:29)
at java.base/java.util.ArrayList.forEach(ArrayList.java:1596)
... Removed 30 stack frames]]>
    </failure>
  </testcase> <!-- validateLoginUI -->
  <testcase classname="tests.LoginTests" name="validateLoginFormElementPositions" time="0.66"/>
  <testcase classname="tests.LoginTests" name="loginWithBlankUsernameAndPassword" time="0.792"/>
  <testcase classname="tests.LoginTests" name="loginWithBlankEmailButFilledPassword" time="23.495"/>
  <testcase classname="tests.LoginTests" name="loginWithBlankPasswordButFilledEmail" time="23.217"/>
  <testcase classname="tests.LoginTests" name="loginWithValidUsernameInvalidPassword" time="1.943"/>
  <testcase classname="tests.LoginTests" name="validateValidLogin" time="22.259"/>
  <testcase classname="tests.DashboardTest" name="validateTopNavigationMenuItems" time="26.189"/>
  <testcase classname="tests.BaseTest" name="@BeforeSuite beforeSuite" time="0.0">
    <ignored/>
  </testcase> <!-- @BeforeSuite beforeSuite -->
  <testcase classname="tests.BaseTest" name="@AfterSuite afterSuite" time="0.0">
    <ignored/>
  </testcase> <!-- @AfterSuite afterSuite -->
</testsuite> <!-- Test -->
