<?xml version="1.0" encoding="UTF-8"?>
<testng-results ignored="0" total="3" passed="3" failed="0" skipped="0">
  <reporter-output>
  </reporter-output>
  <suite started-at="2025-06-02T13:15:22 IST" name="Suite" finished-at="2025-06-02T13:16:01 IST" duration-ms="39543">
    <groups>
    </groups>
    <test started-at="2025-06-02T13:15:22 IST" name="Test" finished-at="2025-06-02T13:16:01 IST" duration-ms="39543">
      <class name="tests.LoginTests">
        <test-method is-config="true" signature="beforeSuite()[pri:0, instance:tests.LoginTests@2755d705]" started-at="2025-06-02T13:15:22 IST" name="beforeSuite" finished-at="2025-06-02T13:15:22 IST" duration-ms="17" status="PASS">
          <reporter-output>
          </reporter-output>
        </test-method> <!-- beforeSuite -->
        <test-method is-config="true" signature="beforeMethod(java.lang.reflect.Method)[pri:0, instance:tests.LoginTests@2755d705]" started-at="2025-06-02T13:15:22 IST" name="beforeMethod" finished-at="2025-06-02T13:15:32 IST" duration-ms="9797" status="PASS">
          <params>
            <param index="0">
              <value>
                <![CDATA[public void tests.LoginTests.validateValidLogin() throws java.lang.InterruptedException]]>
              </value>
            </param>
          </params>
          <reporter-output>
          </reporter-output>
        </test-method> <!-- beforeMethod -->
        <test-method signature="validateValidLogin()[pri:1, instance:tests.LoginTests@2755d705]" started-at="2025-06-02T13:15:32 IST" name="validateValidLogin" finished-at="2025-06-02T13:15:35 IST" duration-ms="3171" status="PASS">
          <reporter-output>
          </reporter-output>
        </test-method> <!-- validateValidLogin -->
        <test-method is-config="true" signature="afterMethod()[pri:0, instance:tests.LoginTests@2755d705]" started-at="2025-06-02T13:15:35 IST" name="afterMethod" finished-at="2025-06-02T13:15:35 IST" duration-ms="589" status="PASS">
          <reporter-output>
          </reporter-output>
        </test-method> <!-- afterMethod -->
        <test-method is-config="true" signature="beforeMethod(java.lang.reflect.Method)[pri:0, instance:tests.LoginTests@2755d705]" started-at="2025-06-02T13:15:35 IST" name="beforeMethod" finished-at="2025-06-02T13:15:54 IST" duration-ms="18253" status="PASS">
          <params>
            <param index="0">
              <value>
                <![CDATA[public void tests.LoginTests.validateLoginButtonStatus()]]>
              </value>
            </param>
          </params>
          <reporter-output>
          </reporter-output>
        </test-method> <!-- beforeMethod -->
        <test-method signature="validateLoginButtonStatus()[pri:2, instance:tests.LoginTests@2755d705]" started-at="2025-06-02T13:15:54 IST" name="validateLoginButtonStatus" finished-at="2025-06-02T13:15:54 IST" duration-ms="42" status="PASS">
          <reporter-output>
          </reporter-output>
        </test-method> <!-- validateLoginButtonStatus -->
        <test-method is-config="true" signature="afterMethod()[pri:0, instance:tests.LoginTests@2755d705]" started-at="2025-06-02T13:15:54 IST" name="afterMethod" finished-at="2025-06-02T13:15:54 IST" duration-ms="329" status="PASS">
          <reporter-output>
          </reporter-output>
        </test-method> <!-- afterMethod -->
        <test-method is-config="true" signature="beforeMethod(java.lang.reflect.Method)[pri:0, instance:tests.LoginTests@2755d705]" started-at="2025-06-02T13:15:54 IST" name="beforeMethod" finished-at="2025-06-02T13:16:00 IST" duration-ms="6277" status="PASS">
          <params>
            <param index="0">
              <value>
                <![CDATA[public void tests.LoginTests.validateLoginUI()]]>
              </value>
            </param>
          </params>
          <reporter-output>
          </reporter-output>
        </test-method> <!-- beforeMethod -->
        <test-method signature="validateLoginUI()[pri:3, instance:tests.LoginTests@2755d705]" started-at="2025-06-02T13:16:00 IST" name="validateLoginUI" finished-at="2025-06-02T13:16:01 IST" duration-ms="580" status="PASS">
          <reporter-output>
          </reporter-output>
        </test-method> <!-- validateLoginUI -->
        <test-method is-config="true" signature="afterMethod()[pri:0, instance:tests.LoginTests@2755d705]" started-at="2025-06-02T13:16:01 IST" name="afterMethod" finished-at="2025-06-02T13:16:01 IST" duration-ms="374" status="PASS">
          <reporter-output>
          </reporter-output>
        </test-method> <!-- afterMethod -->
        <test-method is-config="true" signature="afterSuite()[pri:0, instance:tests.LoginTests@2755d705]" started-at="2025-06-02T13:16:02 IST" name="afterSuite" finished-at="2025-06-02T13:16:02 IST" duration-ms="23" status="PASS">
          <reporter-output>
          </reporter-output>
        </test-method> <!-- afterSuite -->
      </class> <!-- tests.LoginTests -->
    </test> <!-- Test -->
  </suite> <!-- Suite -->
</testng-results>
