<?xml version="1.0" encoding="UTF-8"?>
<testng-results ignored="0" total="4" passed="4" failed="0" skipped="0">
  <reporter-output>
  </reporter-output>
  <suite started-at="2025-06-03T23:51:23 IST" name="Suite" finished-at="2025-06-03T23:52:02 IST" duration-ms="38846">
    <groups>
    </groups>
    <test started-at="2025-06-03T23:51:23 IST" name="Test" finished-at="2025-06-03T23:52:02 IST" duration-ms="38846">
      <class name="tests.LoginTests">
        <test-method is-config="true" signature="beforeSuite()[pri:0, instance:tests.LoginTests@6025e1b6]" started-at="2025-06-03T23:51:23 IST" name="beforeSuite" finished-at="2025-06-03T23:51:23 IST" duration-ms="632" status="PASS">
          <reporter-output>
          </reporter-output>
        </test-method> <!-- beforeSuite -->
        <test-method is-config="true" signature="beforeMethod(java.lang.reflect.Method)[pri:0, instance:tests.LoginTests@6025e1b6]" started-at="2025-06-03T23:51:23 IST" name="beforeMethod" finished-at="2025-06-03T23:51:33 IST" duration-ms="9501" status="PASS">
          <params>
            <param index="0">
              <value>
                <![CDATA[public void tests.LoginTests.validateValidLogin() throws java.lang.InterruptedException]]>
              </value>
            </param>
          </params>
          <reporter-output>
          </reporter-output>
        </test-method> <!-- beforeMethod -->
        <test-method signature="validateValidLogin()[pri:1, instance:tests.LoginTests@6025e1b6]" started-at="2025-06-03T23:51:33 IST" name="validateValidLogin" finished-at="2025-06-03T23:51:34 IST" duration-ms="1409" status="PASS">
          <reporter-output>
          </reporter-output>
        </test-method> <!-- validateValidLogin -->
        <test-method is-config="true" signature="afterMethod(org.testng.ITestResult)[pri:0, instance:tests.LoginTests@6025e1b6]" started-at="2025-06-03T23:51:34 IST" name="afterMethod" finished-at="2025-06-03T23:51:35 IST" duration-ms="622" status="PASS">
          <params>
            <param index="0">
              <value>
                <![CDATA[[TestResult name=validateValidLogin status=SUCCESS method=LoginTests.validateValidLogin()[pri:1, instance:tests.LoginTests@6025e1b6] output={null}]]]>
              </value>
            </param>
          </params>
          <reporter-output>
          </reporter-output>
        </test-method> <!-- afterMethod -->
        <test-method is-config="true" signature="beforeMethod(java.lang.reflect.Method)[pri:0, instance:tests.LoginTests@6025e1b6]" started-at="2025-06-03T23:51:35 IST" name="beforeMethod" finished-at="2025-06-03T23:51:44 IST" duration-ms="8927" status="PASS">
          <params>
            <param index="0">
              <value>
                <![CDATA[public void tests.LoginTests.validateLoginButtonStatus()]]>
              </value>
            </param>
          </params>
          <reporter-output>
          </reporter-output>
        </test-method> <!-- beforeMethod -->
        <test-method signature="validateLoginButtonStatus()[pri:2, instance:tests.LoginTests@6025e1b6]" started-at="2025-06-03T23:51:44 IST" name="validateLoginButtonStatus" finished-at="2025-06-03T23:51:44 IST" duration-ms="51" status="PASS">
          <reporter-output>
          </reporter-output>
        </test-method> <!-- validateLoginButtonStatus -->
        <test-method is-config="true" signature="afterMethod(org.testng.ITestResult)[pri:0, instance:tests.LoginTests@6025e1b6]" started-at="2025-06-03T23:51:44 IST" name="afterMethod" finished-at="2025-06-03T23:51:44 IST" duration-ms="628" status="PASS">
          <params>
            <param index="0">
              <value>
                <![CDATA[[TestResult name=validateLoginButtonStatus status=SUCCESS method=LoginTests.validateLoginButtonStatus()[pri:2, instance:tests.LoginTests@6025e1b6] output={null}]]]>
              </value>
            </param>
          </params>
          <reporter-output>
          </reporter-output>
        </test-method> <!-- afterMethod -->
        <test-method is-config="true" signature="beforeMethod(java.lang.reflect.Method)[pri:0, instance:tests.LoginTests@6025e1b6]" started-at="2025-06-03T23:51:44 IST" name="beforeMethod" finished-at="2025-06-03T23:51:54 IST" duration-ms="9060" status="PASS">
          <params>
            <param index="0">
              <value>
                <![CDATA[public void tests.LoginTests.validateLoginUI()]]>
              </value>
            </param>
          </params>
          <reporter-output>
          </reporter-output>
        </test-method> <!-- beforeMethod -->
        <test-method signature="validateLoginUI()[pri:3, instance:tests.LoginTests@6025e1b6]" started-at="2025-06-03T23:51:54 IST" name="validateLoginUI" finished-at="2025-06-03T23:51:54 IST" duration-ms="777" status="PASS">
          <reporter-output>
          </reporter-output>
        </test-method> <!-- validateLoginUI -->
        <test-method is-config="true" signature="afterMethod(org.testng.ITestResult)[pri:0, instance:tests.LoginTests@6025e1b6]" started-at="2025-06-03T23:51:54 IST" name="afterMethod" finished-at="2025-06-03T23:51:55 IST" duration-ms="396" status="PASS">
          <params>
            <param index="0">
              <value>
                <![CDATA[[TestResult name=validateLoginUI status=SUCCESS method=LoginTests.validateLoginUI()[pri:3, instance:tests.LoginTests@6025e1b6] output={null}]]]>
              </value>
            </param>
          </params>
          <reporter-output>
          </reporter-output>
        </test-method> <!-- afterMethod -->
        <test-method is-config="true" signature="beforeMethod(java.lang.reflect.Method)[pri:0, instance:tests.LoginTests@6025e1b6]" started-at="2025-06-03T23:51:55 IST" name="beforeMethod" finished-at="2025-06-03T23:52:01 IST" duration-ms="6662" status="PASS">
          <params>
            <param index="0">
              <value>
                <![CDATA[public void tests.LoginTests.validateLoginFormElementPositions()]]>
              </value>
            </param>
          </params>
          <reporter-output>
          </reporter-output>
        </test-method> <!-- beforeMethod -->
        <test-method signature="validateLoginFormElementPositions()[pri:4, instance:tests.LoginTests@6025e1b6]" started-at="2025-06-03T23:52:01 IST" name="validateLoginFormElementPositions" finished-at="2025-06-03T23:52:02 IST" duration-ms="433" status="PASS">
          <reporter-output>
          </reporter-output>
        </test-method> <!-- validateLoginFormElementPositions -->
        <test-method is-config="true" signature="afterMethod(org.testng.ITestResult)[pri:0, instance:tests.LoginTests@6025e1b6]" started-at="2025-06-03T23:52:02 IST" name="afterMethod" finished-at="2025-06-03T23:52:02 IST" duration-ms="288" status="PASS">
          <params>
            <param index="0">
              <value>
                <![CDATA[[TestResult name=validateLoginFormElementPositions status=SUCCESS method=LoginTests.validateLoginFormElementPositions()[pri:4, instance:tests.LoginTests@6025e1b6] output={null}]]]>
              </value>
            </param>
          </params>
          <reporter-output>
          </reporter-output>
        </test-method> <!-- afterMethod -->
        <test-method is-config="true" signature="afterSuite()[pri:0, instance:tests.LoginTests@6025e1b6]" started-at="2025-06-03T23:52:02 IST" name="afterSuite" finished-at="2025-06-03T23:52:02 IST" duration-ms="239" status="PASS">
          <reporter-output>
          </reporter-output>
        </test-method> <!-- afterSuite -->
      </class> <!-- tests.LoginTests -->
    </test> <!-- Test -->
  </suite> <!-- Suite -->
</testng-results>
